2023-02-20 18:37:09 info: =================================
2023-02-20 18:37:09 info: ======= ENV: development =======
2023-02-20 18:37:09 info: 🚀 App listening on the port 3000
2023-02-20 18:37:09 info: =================================
2023-02-20 18:37:09 info: 1ms Executed (default): SELECT 1+1 AS result
2023-02-20 18:37:09 info: 4ms Executed (default): SELECT TABLE_NAME FROM INFORMATION_SCHEMA.TABLES WHERE TABLE_TYPE = 'BASE TABLE' AND TABLE_NAME = 'users' AND TABLE_SCHEMA = 'camda'
2023-02-20 18:37:09 info: 21ms Executed (default): CREATE TABLE IF NOT EXISTS `users` (`id` INTEGER auto_increment , `email` VARCHAR(45) NOT NULL, `password` VARCHAR(255) NOT NULL, `created_at` DATETIME NOT NULL, `updated_at` DATETIME NOT NULL, PRIMARY KEY (`id`)) ENGINE=InnoDB DEFAULT CHARSET=utf8mb4 COLLATE utf8mb4_general_ci;
2023-02-20 18:37:09 info: 5ms Executed (default): SHOW INDEX FROM `users`
2023-02-20 19:00:26 info: [0mOPTIONS / [32m204[0m 7.657 ms - 0[0m
2023-02-20 19:00:26 info: [0mPOST / [33m404[0m 78.332 ms - 140[0m
2023-02-20 21:02:53 info: =================================
2023-02-20 21:02:53 info: ======= ENV: development =======
2023-02-20 21:02:53 info: 🚀 App listening on the port 3000
2023-02-20 21:02:53 info: =================================
2023-02-20 21:02:53 info: 4ms Executed (default): SELECT 1+1 AS result
2023-02-20 21:02:53 info: 11ms Executed (default): SELECT TABLE_NAME FROM INFORMATION_SCHEMA.TABLES WHERE TABLE_TYPE = 'BASE TABLE' AND TABLE_NAME = 'users' AND TABLE_SCHEMA = 'camda'
2023-02-20 21:02:53 info: 9ms Executed (default): SHOW INDEX FROM `users`
2023-02-20 21:03:36 info: =================================
2023-02-20 21:03:36 info: ======= ENV: development =======
2023-02-20 21:03:36 info: 🚀 App listening on the port 3000
2023-02-20 21:03:36 info: =================================
2023-02-20 21:03:36 info: 1ms Executed (default): SELECT 1+1 AS result
2023-02-20 21:03:36 info: 2ms Executed (default): SELECT TABLE_NAME FROM INFORMATION_SCHEMA.TABLES WHERE TABLE_TYPE = 'BASE TABLE' AND TABLE_NAME = 'users' AND TABLE_SCHEMA = 'camda'
2023-02-20 21:03:36 info: 3ms Executed (default): SHOW INDEX FROM `users`
2023-02-20 21:03:39 info: =================================
2023-02-20 21:03:39 info: ======= ENV: development =======
2023-02-20 21:03:39 info: 🚀 App listening on the port 3000
2023-02-20 21:03:39 info: =================================
2023-02-20 21:03:39 info: 4ms Executed (default): SELECT 1+1 AS result
2023-02-20 21:03:39 info: 7ms Executed (default): SELECT TABLE_NAME FROM INFORMATION_SCHEMA.TABLES WHERE TABLE_TYPE = 'BASE TABLE' AND TABLE_NAME = 'users' AND TABLE_SCHEMA = 'camda'
2023-02-20 21:03:39 info: 3ms Executed (default): SHOW INDEX FROM `users`
2023-02-20 21:06:52 info: =================================
2023-02-20 21:06:52 info: ======= ENV: development =======
2023-02-20 21:06:52 info: 🚀 App listening on the port 3000
2023-02-20 21:06:52 info: =================================
2023-02-20 21:06:52 info: 2ms Executed (default): SELECT 1+1 AS result
2023-02-20 21:06:52 info: 3ms Executed (default): SELECT TABLE_NAME FROM INFORMATION_SCHEMA.TABLES WHERE TABLE_TYPE = 'BASE TABLE' AND TABLE_NAME = 'users' AND TABLE_SCHEMA = 'camda'
2023-02-20 21:06:52 info: 7ms Executed (default): SHOW INDEX FROM `users`
2023-02-20 21:07:18 info: =================================
2023-02-20 21:07:18 info: ======= ENV: development =======
2023-02-20 21:07:18 info: 🚀 App listening on the port 3000
2023-02-20 21:07:18 info: =================================
2023-02-20 21:07:18 info: 1ms Executed (default): SELECT 1+1 AS result
2023-02-20 21:07:18 info: 4ms Executed (default): SELECT TABLE_NAME FROM INFORMATION_SCHEMA.TABLES WHERE TABLE_TYPE = 'BASE TABLE' AND TABLE_NAME = 'users' AND TABLE_SCHEMA = 'camda'
2023-02-20 21:07:18 info: 4ms Executed (default): SHOW INDEX FROM `users`
2023-02-20 21:07:48 info: =================================
2023-02-20 21:07:48 info: ======= ENV: development =======
2023-02-20 21:07:48 info: 🚀 App listening on the port 3000
2023-02-20 21:07:48 info: =================================
2023-02-20 21:07:48 info: 2ms Executed (default): SELECT 1+1 AS result
2023-02-20 21:07:48 info: 4ms Executed (default): SELECT TABLE_NAME FROM INFORMATION_SCHEMA.TABLES WHERE TABLE_TYPE = 'BASE TABLE' AND TABLE_NAME = 'users' AND TABLE_SCHEMA = 'camda'
2023-02-20 21:07:48 info: 6ms Executed (default): SHOW INDEX FROM `users`
2023-02-20 21:07:56 info: =================================
2023-02-20 21:07:56 info: ======= ENV: development =======
2023-02-20 21:07:56 info: 🚀 App listening on the port 3000
2023-02-20 21:07:56 info: =================================
2023-02-20 21:07:57 info: 2ms Executed (default): SELECT 1+1 AS result
2023-02-20 21:07:57 info: 3ms Executed (default): SELECT TABLE_NAME FROM INFORMATION_SCHEMA.TABLES WHERE TABLE_TYPE = 'BASE TABLE' AND TABLE_NAME = 'users' AND TABLE_SCHEMA = 'camda'
2023-02-20 21:07:57 info: 3ms Executed (default): SHOW INDEX FROM `users`
2023-02-20 21:08:56 info: =================================
2023-02-20 21:08:56 info: ======= ENV: development =======
2023-02-20 21:08:56 info: 🚀 App listening on the port 3000
2023-02-20 21:08:56 info: =================================
2023-02-20 21:08:56 info: 3ms Executed (default): SELECT 1+1 AS result
2023-02-20 21:08:56 info: 4ms Executed (default): SELECT TABLE_NAME FROM INFORMATION_SCHEMA.TABLES WHERE TABLE_TYPE = 'BASE TABLE' AND TABLE_NAME = 'users' AND TABLE_SCHEMA = 'camda'
2023-02-20 21:08:56 info: 3ms Executed (default): SHOW INDEX FROM `users`
2023-02-20 21:10:17 info: 80ms Executed (default): SELECT `id`, `email`, `password`, `company`, `inventory_id` AS `inventoryId`, `user_name` AS `userName`, `created_at` AS `createdAt`, `updated_at` AS `updatedAt` FROM `users` AS `UserModel` WHERE `UserModel`.`email` = 'camilo@mail.com' LIMIT 1;
2023-02-20 21:10:17 error: [POST] /users >> StatusCode:: 500, Message:: Unknown column 'inventory_id' in 'field list'
2023-02-20 21:10:17 info: [0mPOST /users [31m500[0m 150.581 ms - 59[0m
2023-02-20 21:10:38 info: 5ms Executed (default): SELECT `id`, `email`, `password`, `company`, `inventory_id` AS `inventoryId`, `user_name` AS `userName`, `created_at` AS `createdAt`, `updated_at` AS `updatedAt` FROM `users` AS `UserModel` WHERE `UserModel`.`email` = 'camilo@mail.com' LIMIT 1;
2023-02-20 21:10:38 error: [POST] /users >> StatusCode:: 500, Message:: notNull Violation: UserModel.inventoryId cannot be null
2023-02-20 21:10:38 info: [0mPOST /users [31m500[0m 122.366 ms - 69[0m
2023-02-20 21:11:18 info: =================================
2023-02-20 21:11:18 info: ======= ENV: development =======
2023-02-20 21:11:18 info: 🚀 App listening on the port 3000
2023-02-20 21:11:18 info: =================================
2023-02-20 21:11:18 info: 2ms Executed (default): SELECT 1+1 AS result
2023-02-20 21:11:18 info: 1ms Executed (default): SELECT TABLE_NAME FROM INFORMATION_SCHEMA.TABLES WHERE TABLE_TYPE = 'BASE TABLE' AND TABLE_NAME = 'users' AND TABLE_SCHEMA = 'camda'
2023-02-20 21:11:18 info: 3ms Executed (default): SHOW INDEX FROM `users`
2023-02-20 21:11:20 info: 3ms Executed (default): SELECT `id`, `email`, `password`, `company`, `inventory_id` AS `inventoryId`, `user_name` AS `userName`, `created_at` AS `createdAt`, `updated_at` AS `updatedAt` FROM `users` AS `UserModel` WHERE `UserModel`.`email` = 'camilo@mail.com' LIMIT 1;
2023-02-20 21:11:20 info: 9ms Executed (default): INSERT INTO `users` (`id`,`email`,`password`,`company`,`user_name`,`created_at`,`updated_at`) VALUES (DEFAULT,?,?,?,?,?,?); "camilo@mail.com", "$2b$10$6zNyn96MjFkVKb1TGhLgAurfXBbFZegaJUfInX0mKF2flN31.FQqK", "prueba", "test", "2023-02-21 11:11:20", "2023-02-21 11:11:20"
2023-02-20 21:11:20 info: [0mPOST /users [32m201[0m 160.599 ms - 252[0m
2023-02-20 21:18:13 info: [0mOPTIONS /users [32m204[0m 2.175 ms - 0[0m
2023-02-20 21:18:13 info: 3ms Executed (default): SELECT `id`, `email`, `password`, `company`, `inventory_id` AS `inventoryId`, `user_name` AS `userName`, `created_at` AS `createdAt`, `updated_at` AS `updatedAt` FROM `users` AS `UserModel` WHERE `UserModel`.`email` = 'email@prueba.com' LIMIT 1;
2023-02-20 21:18:13 info: 3ms Executed (default): INSERT INTO `users` (`id`,`email`,`password`,`company`,`user_name`,`created_at`,`updated_at`) VALUES (DEFAULT,?,?,?,?,?,?); "email@prueba.com", "$2b$10$VGYwI0XwAL/aJcJ1JJvfLu9TBfykrTaI0bdzXhr6yFyapfe6iqyfm", "test", "prueba", "2023-02-21 11:18:13", "2023-02-21 11:18:13"
2023-02-20 21:18:13 info: [0mPOST /users [32m201[0m 132.869 ms - 253[0m
2023-02-20 21:19:10 info: [0mOPTIONS /users [32m204[0m 0.300 ms - 0[0m
2023-02-20 21:19:10 info: 2ms Executed (default): SELECT `id`, `email`, `password`, `company`, `inventory_id` AS `inventoryId`, `user_name` AS `userName`, `created_at` AS `createdAt`, `updated_at` AS `updatedAt` FROM `users` AS `UserModel` WHERE `UserModel`.`email` = 'email@prueba.com' LIMIT 1;
2023-02-20 21:19:10 error: [POST] /users >> StatusCode:: 409, Message:: This email email@prueba.com already exists
2023-02-20 21:19:10 info: [0mPOST /users [33m409[0m 22.195 ms - 56[0m
2023-02-20 21:25:35 info: [0mOPTIONS /users [32m204[0m 0.274 ms - 0[0m
2023-02-20 21:25:35 info: 1ms Executed (default): SELECT `id`, `email`, `password`, `company`, `inventory_id` AS `inventoryId`, `user_name` AS `userName`, `created_at` AS `createdAt`, `updated_at` AS `updatedAt` FROM `users` AS `UserModel` WHERE `UserModel`.`email` = 'test@mmail.com' LIMIT 1;
2023-02-20 21:25:35 info: 3ms Executed (default): INSERT INTO `users` (`id`,`email`,`password`,`company`,`user_name`,`created_at`,`updated_at`) VALUES (DEFAULT,?,?,?,?,?,?); "test@mmail.com", "$2b$10$o/i76WIhuFQad6yu17tKB.C4bzosl21ZOpgt3aGK4Fzr4vGQWiaZK", "32131", "test", "2023-02-21 11:25:35", "2023-02-21 11:25:35"
2023-02-20 21:25:35 info: [0mPOST /users [32m201[0m 112.853 ms - 250[0m
2023-02-20 21:30:39 info: [0mOPTIONS /login [32m204[0m 0.250 ms - 0[0m
2023-02-20 21:30:39 error: [POST] /login >> StatusCode:: 400, Message:: property username should not exist, email must be an email, company must be a string, userName must be a string
2023-02-20 21:30:39 info: [0mPOST /login [33m400[0m 9.488 ms - 125[0m
2023-02-20 21:31:11 info: =================================
2023-02-20 21:31:11 info: ======= ENV: development =======
2023-02-20 21:31:11 info: 🚀 App listening on the port 3000
2023-02-20 21:31:11 info: =================================
2023-02-20 21:31:11 info: 1ms Executed (default): SELECT 1+1 AS result
2023-02-20 21:31:11 info: 2ms Executed (default): SELECT TABLE_NAME FROM INFORMATION_SCHEMA.TABLES WHERE TABLE_TYPE = 'BASE TABLE' AND TABLE_NAME = 'users' AND TABLE_SCHEMA = 'camda'
2023-02-20 21:31:11 info: 5ms Executed (default): SHOW INDEX FROM `users`
2023-02-20 21:31:20 info: =================================
2023-02-20 21:31:20 info: ======= ENV: development =======
2023-02-20 21:31:20 info: 🚀 App listening on the port 3000
2023-02-20 21:31:20 info: =================================
2023-02-20 21:31:20 info: 2ms Executed (default): SELECT 1+1 AS result
2023-02-20 21:31:20 info: 4ms Executed (default): SELECT TABLE_NAME FROM INFORMATION_SCHEMA.TABLES WHERE TABLE_TYPE = 'BASE TABLE' AND TABLE_NAME = 'users' AND TABLE_SCHEMA = 'camda'
2023-02-20 21:31:20 info: 3ms Executed (default): SHOW INDEX FROM `users`
2023-02-20 21:31:25 info: =================================
2023-02-20 21:31:25 info: ======= ENV: development =======
2023-02-20 21:31:25 info: 🚀 App listening on the port 3000
2023-02-20 21:31:25 info: =================================
2023-02-20 21:31:25 info: 3ms Executed (default): SELECT 1+1 AS result
2023-02-20 21:31:25 info: 3ms Executed (default): SELECT TABLE_NAME FROM INFORMATION_SCHEMA.TABLES WHERE TABLE_TYPE = 'BASE TABLE' AND TABLE_NAME = 'users' AND TABLE_SCHEMA = 'camda'
2023-02-20 21:31:25 info: 3ms Executed (default): SHOW INDEX FROM `users`
2023-02-20 21:31:32 info: =================================
2023-02-20 21:31:32 info: ======= ENV: development =======
2023-02-20 21:31:32 info: 🚀 App listening on the port 3000
2023-02-20 21:31:32 info: =================================
2023-02-20 21:31:32 info: 2ms Executed (default): SELECT 1+1 AS result
2023-02-20 21:31:32 info: 1ms Executed (default): SELECT TABLE_NAME FROM INFORMATION_SCHEMA.TABLES WHERE TABLE_TYPE = 'BASE TABLE' AND TABLE_NAME = 'users' AND TABLE_SCHEMA = 'camda'
2023-02-20 21:31:32 info: 3ms Executed (default): SHOW INDEX FROM `users`
2023-02-20 21:32:46 info: [0mOPTIONS /login [32m204[0m 1.714 ms - 0[0m
2023-02-20 21:32:46 info: 3ms Executed (default): SELECT `id`, `email`, `password`, `company`, `inventory_id` AS `inventoryId`, `user_name` AS `userName`, `created_at` AS `createdAt`, `updated_at` AS `updatedAt` FROM `users` AS `UserModel` WHERE `UserModel`.`email` = 'email@prueba.com' LIMIT 1;
2023-02-20 21:32:46 error: [POST] /login >> StatusCode:: 409, Message:: Password not matching
2023-02-20 21:32:46 info: [0mPOST /login [33m409[0m 157.773 ms - 35[0m
2023-02-20 21:32:59 info: [0mOPTIONS /login [32m204[0m 0.266 ms - 0[0m
2023-02-20 21:32:59 info: 2ms Executed (default): SELECT `id`, `email`, `password`, `company`, `inventory_id` AS `inventoryId`, `user_name` AS `userName`, `created_at` AS `createdAt`, `updated_at` AS `updatedAt` FROM `users` AS `UserModel` WHERE `UserModel`.`email` = 'email@prueba.com' LIMIT 1;
2023-02-20 21:32:59 info: [0mPOST /login [32m200[0m 106.409 ms - 270[0m
2023-02-20 21:37:41 info: [0mOPTIONS /login [32m204[0m 0.182 ms - 0[0m
2023-02-20 21:37:41 info: 2ms Executed (default): SELECT `id`, `email`, `password`, `company`, `inventory_id` AS `inventoryId`, `user_name` AS `userName`, `created_at` AS `createdAt`, `updated_at` AS `updatedAt` FROM `users` AS `UserModel` WHERE `UserModel`.`email` = 'email@prueba.com' LIMIT 1;
2023-02-20 21:37:41 error: [POST] /login >> StatusCode:: 409, Message:: Password not matching
2023-02-20 21:37:41 info: [0mPOST /login [33m409[0m 120.256 ms - 35[0m
2023-02-20 21:37:46 info: [0mOPTIONS /login [32m204[0m 0.211 ms - 0[0m
2023-02-20 21:37:46 info: 1ms Executed (default): SELECT `id`, `email`, `password`, `company`, `inventory_id` AS `inventoryId`, `user_name` AS `userName`, `created_at` AS `createdAt`, `updated_at` AS `updatedAt` FROM `users` AS `UserModel` WHERE `UserModel`.`email` = 'email@prueba.com' LIMIT 1;
2023-02-20 21:37:46 info: [0mPOST /login [32m200[0m 107.650 ms - 270[0m
2023-02-20 21:38:18 info: [0mOPTIONS /login [32m204[0m 0.157 ms - 0[0m
2023-02-20 21:38:18 info: 2ms Executed (default): SELECT `id`, `email`, `password`, `company`, `inventory_id` AS `inventoryId`, `user_name` AS `userName`, `created_at` AS `createdAt`, `updated_at` AS `updatedAt` FROM `users` AS `UserModel` WHERE `UserModel`.`email` = 'email@prueba.com' LIMIT 1;
2023-02-20 21:38:18 info: [0mPOST /login [32m200[0m 111.429 ms - 270[0m
