2023-02-23 08:36:09 info: =================================
2023-02-23 08:36:09 info: ======= ENV: development =======
2023-02-23 08:36:09 info: 🚀 App listening on the port 3000
2023-02-23 08:36:09 info: =================================
2023-02-23 08:36:19 info: =================================
2023-02-23 08:36:19 info: ======= ENV: development =======
2023-02-23 08:36:19 info: 🚀 App listening on the port 3000
2023-02-23 08:36:19 info: =================================
2023-02-23 08:36:23 info: 9ms Executed (default): SELECT 1+1 AS result
2023-02-23 08:36:23 info: 17ms Executed (default): SELECT TABLE_NAME FROM INFORMATION_SCHEMA.TABLES WHERE TABLE_TYPE = 'BASE TABLE' AND TABLE_NAME = 'users' AND TABLE_SCHEMA = 'camda'
2023-02-23 08:36:23 info: 92ms Executed (default): SHOW INDEX FROM `users`
2023-02-23 08:36:23 info: 6ms Executed (default): SELECT TABLE_NAME FROM INFORMATION_SCHEMA.TABLES WHERE TABLE_TYPE = 'BASE TABLE' AND TABLE_NAME = 'inventory' AND TABLE_SCHEMA = 'camda'
2023-02-23 08:36:23 info: 4ms Executed (default): SHOW INDEX FROM `inventory`
2023-02-23 08:38:15 info: [0mPOST /singup [33m404[0m 30.363 ms - 146[0m
2023-02-23 08:38:56 info: 4ms Executed (default): SELECT `id`, `email`, `password`, `company`, `inventory_id` AS `inventoryId`, `user_name` AS `userName`, `created_at` AS `createdAt`, `updated_at` AS `updatedAt` FROM `users` AS `UserModel` WHERE `UserModel`.`email` = 'camilo2@mail.com' LIMIT 1;
2023-02-23 08:38:57 info: 9ms Executed (default): INSERT INTO `users` (`id`,`email`,`password`,`company`,`user_name`,`created_at`,`updated_at`) VALUES (DEFAULT,?,?,?,?,?,?); "camilo2@mail.com", "$2b$10$2dniKX8LuRFNyFO1yy5xGuJ7lPpRLltyFWzeP0pYnUF84jng1O4V2", "prueba", "test", "2023-02-23 22:38:57", "2023-02-23 22:38:57"
2023-02-23 08:38:57 info: [0mPOST /signup [32m201[0m 131.908 ms - 252[0m
2023-02-23 08:40:47 error: [POST] /login >> StatusCode:: 400, Message:: Unexpected token } in JSON at position 64
2023-02-23 08:40:47 info: [0mPOST /login [33m400[0m 10.281 ms - 55[0m
2023-02-23 08:40:52 info: 3ms Executed (default): SELECT `id`, `email`, `password`, `company`, `inventory_id` AS `inventoryId`, `user_name` AS `userName`, `created_at` AS `createdAt`, `updated_at` AS `updatedAt` FROM `users` AS `UserModel` WHERE `UserModel`.`email` = 'camilo2@mail.com' LIMIT 1;
2023-02-23 08:40:52 info: [0mPOST /login [32m200[0m 126.113 ms - 270[0m
2023-02-23 08:47:36 info: [0mOPTIONS /users [32m204[0m 0.533 ms - 0[0m
2023-02-23 08:47:36 info: 1ms Executed (default): SELECT `id`, `email`, `password`, `company`, `inventory_id` AS `inventoryId`, `user_name` AS `userName`, `created_at` AS `createdAt`, `updated_at` AS `updatedAt` FROM `users` AS `UserModel` WHERE `UserModel`.`email` = 'camilo3@mail.com' LIMIT 1;
2023-02-23 08:47:36 info: 3ms Executed (default): INSERT INTO `users` (`id`,`email`,`password`,`company`,`user_name`,`created_at`,`updated_at`) VALUES (DEFAULT,?,?,?,?,?,?); "camilo3@mail.com", "$2b$10$caH9TsxbJTG8Ah7CT9kNO.W2H5mfq3MrjLAQm2de8sId9NGx/FvIe", "prueba", "camilo", "2023-02-23 22:47:36", "2023-02-23 22:47:36"
2023-02-23 08:47:36 info: [0mPOST /users [32m201[0m 116.766 ms - 255[0m
2023-02-23 08:47:54 info: 3ms Executed (default): SELECT `id`, `email`, `password`, `company`, `inventory_id` AS `inventoryId`, `user_name` AS `userName`, `created_at` AS `createdAt`, `updated_at` AS `updatedAt` FROM `users` AS `UserModel`;
2023-02-23 08:47:54 info: [0mGET /users [32m200[0m 22.020 ms - -[0m
2023-02-23 08:47:54 info: [0mGET /favicon.ico [33m404[0m 1.624 ms - 150[0m
2023-02-23 08:49:23 info: [0mOPTIONS /login [32m204[0m 0.244 ms - 0[0m
2023-02-23 08:49:23 info: 1ms Executed (default): SELECT `id`, `email`, `password`, `company`, `inventory_id` AS `inventoryId`, `user_name` AS `userName`, `created_at` AS `createdAt`, `updated_at` AS `updatedAt` FROM `users` AS `UserModel` WHERE `UserModel`.`email` = 'camilo3@mail.com' LIMIT 1;
2023-02-23 08:49:23 error: [POST] /login >> StatusCode:: 409, Message:: Password not matching
2023-02-23 08:49:23 info: [0mPOST /login [33m409[0m 107.720 ms - 35[0m
2023-02-23 08:49:27 info: 1ms Executed (default): SELECT `id`, `email`, `password`, `company`, `inventory_id` AS `inventoryId`, `user_name` AS `userName`, `created_at` AS `createdAt`, `updated_at` AS `updatedAt` FROM `users` AS `UserModel` WHERE `UserModel`.`email` = 'camilo3@mail.com' LIMIT 1;
2023-02-23 08:49:27 error: [POST] /login >> StatusCode:: 409, Message:: Password not matching
2023-02-23 08:49:27 info: [0mPOST /login [33m409[0m 86.466 ms - 35[0m
2023-02-23 08:49:44 info: [0mOPTIONS /login [32m204[0m 0.254 ms - 0[0m
2023-02-23 08:49:44 info: 2ms Executed (default): SELECT `id`, `email`, `password`, `company`, `inventory_id` AS `inventoryId`, `user_name` AS `userName`, `created_at` AS `createdAt`, `updated_at` AS `updatedAt` FROM `users` AS `UserModel` WHERE `UserModel`.`email` = 'camilo3@mail.com' LIMIT 1;
2023-02-23 08:49:44 info: [0mPOST /login [32m200[0m 104.840 ms - 272[0m
2023-02-23 08:50:14 info: [0mOPTIONS /login [32m204[0m 0.277 ms - 0[0m
2023-02-23 08:50:14 info: 1ms Executed (default): SELECT `id`, `email`, `password`, `company`, `inventory_id` AS `inventoryId`, `user_name` AS `userName`, `created_at` AS `createdAt`, `updated_at` AS `updatedAt` FROM `users` AS `UserModel` WHERE `UserModel`.`email` = 'camilo3@mail.com' LIMIT 1;
2023-02-23 08:50:14 info: [0mPOST /login [32m200[0m 127.093 ms - 272[0m
